<?xml version="1.0" encoding="UTF-8"?>
<!-- Generated by org.testng.reporters.JUnitReportReporter -->
<testsuite hostname="HJPCBC3" failures="0" tests="1" name="Tests.HrsSearchTest" time="10.279" errors="0" timestamp="2024-03-06T10:43:42 IST" skipped="0">
  <testcase classname="Tests.HrsSearchTest" name="searchHotelsInBarcelona" time="10.279"/>
  <system-out/>
</testsuite> <!-- Tests.HrsSearchTest -->
